Detecting C [-std=c11] compiler features failed to compile with the following output:
Change Dir: /home/tsuchida/ros_package/ur_ws/src/fmauch_universal_robot/ur3_e_moveit_config/build/CMakeFiles/CMakeTmp

Run Build Command:"/usr/bin/make" "cmTC_86fcc/fast"
/usr/bin/make -f CMakeFiles/cmTC_86fcc.dir/build.make CMakeFiles/cmTC_86fcc.dir/build
make[1]: ディレクトリ '/home/tsuchida/ros_package/ur_ws/src/fmauch_universal_robot/ur3_e_moveit_config/build/CMakeFiles/CMakeTmp' に入ります
Building C object CMakeFiles/cmTC_86fcc.dir/feature_tests.c.o
/usr/bin/c89-gcc   -std=c11 -o CMakeFiles/cmTC_86fcc.dir/feature_tests.c.o   -c /home/tsuchida/ros_package/ur_ws/src/fmauch_universal_robot/ur3_e_moveit_config/build/CMakeFiles/feature_tests.c
c89-gcc called with non ANSI/ISO C option -std=c11
CMakeFiles/cmTC_86fcc.dir/build.make:65: recipe for target 'CMakeFiles/cmTC_86fcc.dir/feature_tests.c.o' failed
make[1]: *** [CMakeFiles/cmTC_86fcc.dir/feature_tests.c.o] Error 1
make[1]: ディレクトリ '/home/tsuchida/ros_package/ur_ws/src/fmauch_universal_robot/ur3_e_moveit_config/build/CMakeFiles/CMakeTmp' から出ます
Makefile:126: recipe for target 'cmTC_86fcc/fast' failed
make: *** [cmTC_86fcc/fast] Error 2



Determining if the pthread_create exist failed with the following output:
Change Dir: /home/tsuchida/ros_package/ur_ws/src/fmauch_universal_robot/ur3_e_moveit_config/build/CMakeFiles/CMakeTmp

Run Build Command:"/usr/bin/make" "cmTC_c340d/fast"
/usr/bin/make -f CMakeFiles/cmTC_c340d.dir/build.make CMakeFiles/cmTC_c340d.dir/build
make[1]: ディレクトリ '/home/tsuchida/ros_package/ur_ws/src/fmauch_universal_robot/ur3_e_moveit_config/build/CMakeFiles/CMakeTmp' に入ります
Building C object CMakeFiles/cmTC_c340d.dir/CheckSymbolExists.c.o
/usr/bin/c89-gcc    -o CMakeFiles/cmTC_c340d.dir/CheckSymbolExists.c.o   -c /home/tsuchida/ros_package/ur_ws/src/fmauch_universal_robot/ur3_e_moveit_config/build/CMakeFiles/CMakeTmp/CheckSymbolExists.c
Linking C executable cmTC_c340d
/usr/bin/cmake -E cmake_link_script CMakeFiles/cmTC_c340d.dir/link.txt --verbose=1
/usr/bin/c89-gcc      -rdynamic CMakeFiles/cmTC_c340d.dir/CheckSymbolExists.c.o  -o cmTC_c340d 
CMakeFiles/cmTC_c340d.dir/CheckSymbolExists.c.o: 関数 `main' 内:
CheckSymbolExists.c:(.text+0x1b): `pthread_create' に対する定義されていない参照です
collect2: error: ld returned 1 exit status
CMakeFiles/cmTC_c340d.dir/build.make:97: recipe for target 'cmTC_c340d' failed
make[1]: *** [cmTC_c340d] Error 1
make[1]: ディレクトリ '/home/tsuchida/ros_package/ur_ws/src/fmauch_universal_robot/ur3_e_moveit_config/build/CMakeFiles/CMakeTmp' から出ます
Makefile:126: recipe for target 'cmTC_c340d/fast' failed
make: *** [cmTC_c340d/fast] Error 2

File /home/tsuchida/ros_package/ur_ws/src/fmauch_universal_robot/ur3_e_moveit_config/build/CMakeFiles/CMakeTmp/CheckSymbolExists.c:
/* */
#include <pthread.h>

int main(int argc, char** argv)
{
  (void)argv;
#ifndef pthread_create
  return ((int*)(&pthread_create))[argc];
#else
  (void)argc;
  return 0;
#endif
}

Determining if the function pthread_create exists in the pthreads failed with the following output:
Change Dir: /home/tsuchida/ros_package/ur_ws/src/fmauch_universal_robot/ur3_e_moveit_config/build/CMakeFiles/CMakeTmp

Run Build Command:"/usr/bin/make" "cmTC_351ea/fast"
/usr/bin/make -f CMakeFiles/cmTC_351ea.dir/build.make CMakeFiles/cmTC_351ea.dir/build
make[1]: ディレクトリ '/home/tsuchida/ros_package/ur_ws/src/fmauch_universal_robot/ur3_e_moveit_config/build/CMakeFiles/CMakeTmp' に入ります
Building C object CMakeFiles/cmTC_351ea.dir/CheckFunctionExists.c.o
/usr/bin/c89-gcc   -DCHECK_FUNCTION_EXISTS=pthread_create   -o CMakeFiles/cmTC_351ea.dir/CheckFunctionExists.c.o   -c /usr/share/cmake-3.10/Modules/CheckFunctionExists.c
Linking C executable cmTC_351ea
/usr/bin/cmake -E cmake_link_script CMakeFiles/cmTC_351ea.dir/link.txt --verbose=1
/usr/bin/c89-gcc  -DCHECK_FUNCTION_EXISTS=pthread_create    -rdynamic CMakeFiles/cmTC_351ea.dir/CheckFunctionExists.c.o  -o cmTC_351ea -lpthreads 
/usr/bin/ld: -lpthreads が見つかりません
collect2: error: ld returned 1 exit status
CMakeFiles/cmTC_351ea.dir/build.make:97: recipe for target 'cmTC_351ea' failed
make[1]: *** [cmTC_351ea] Error 1
make[1]: ディレクトリ '/home/tsuchida/ros_package/ur_ws/src/fmauch_universal_robot/ur3_e_moveit_config/build/CMakeFiles/CMakeTmp' から出ます
Makefile:126: recipe for target 'cmTC_351ea/fast' failed
make: *** [cmTC_351ea/fast] Error 2


